redis uses an image, skipping
Building api
#0 building with "default" instance using docker driver

#1 [internal] load build definition from Dockerfile
#1 transferring dockerfile: 253B done
#1 DONE 0.0s

#2 [internal] load metadata for docker.io/library/python:3.12-slim
#2 DONE 0.4s

#3 [internal] load .dockerignore
#3 transferring context: 2B done
#3 DONE 0.0s

#4 [1/5] FROM docker.io/library/python:3.12-slim@sha256:fd95fa221297a88e1cf49c55ec1828edd7c5a428187e67b5d1805692d11588db
#4 DONE 0.0s

#5 [internal] load build context
#5 transferring context: 290.77kB 0.1s done
#5 DONE 0.1s

#6 [2/5] WORKDIR /app
#6 CACHED

#7 [3/5] COPY requirements.txt ./
#7 CACHED

#8 [4/5] RUN pip install --no-cache-dir --upgrade pip && pip install --no-cache-dir -r requirements.txt
#8 CACHED

#9 [5/5] COPY . .
#9 DONE 0.5s

#10 exporting to image
#10 exporting layers
#10 exporting layers 0.2s done
#10 writing image sha256:1d9c8586d0ca44a0190fa07859fd9c696d18775003d457e5b622bdd44db00be8 done
#10 naming to docker.io/library/org-zero_api done
#10 DONE 0.2s
Building pm
#0 building with "default" instance using docker driver

#1 [internal] load build definition from Dockerfile
#1 transferring dockerfile: 253B done
#1 DONE 0.0s

#2 [internal] load metadata for docker.io/library/python:3.12-slim
#2 DONE 0.2s

#3 [internal] load .dockerignore
#3 transferring context: 2B done
#3 DONE 0.0s

#4 [1/5] FROM docker.io/library/python:3.12-slim@sha256:fd95fa221297a88e1cf49c55ec1828edd7c5a428187e67b5d1805692d11588db
#4 DONE 0.0s

#5 [internal] load build context
#5 transferring context: 289.27kB 0.0s done
#5 DONE 0.0s

#6 [3/5] COPY requirements.txt ./
#6 CACHED

#7 [2/5] WORKDIR /app
#7 CACHED

#8 [4/5] RUN pip install --no-cache-dir --upgrade pip && pip install --no-cache-dir -r requirements.txt
#8 CACHED

#9 [5/5] COPY . .
#9 DONE 0.2s

#10 exporting to image
#10 exporting layers
#10 exporting layers 0.2s done
#10 writing image sha256:f65fe66f5b60e33bb964c0081aaa01d5662c5ae5dca650e4e020d67d405fec75 done
#10 naming to docker.io/library/org-zero_pm done
#10 DONE 0.2s
